<?xml version="1.0" encoding="UTF-8"?>
<testsuite name="com.wirbarley.assignment.web.endpoint.controller.ExchangeRateControllerTest" tests="1" skipped="0" failures="0" errors="0" timestamp="2019-06-13T17:30:26" hostname="swui-MacBook-Pro.local" time="0.221">
  <properties/>
  <testcase name="reqRemittanceAmount" classname="com.wirbarley.assignment.web.endpoint.controller.ExchangeRateControllerTest" time="0.221"/>
  <system-out><![CDATA[02:30:04.046 [Test worker] DEBUG org.springframework.test.context.junit4.SpringJUnit4ClassRunner - SpringJUnit4ClassRunner constructor called with [class com.wirbarley.assignment.web.endpoint.controller.ExchangeRateControllerTest]
02:30:04.056 [Test worker] DEBUG org.springframework.test.context.BootstrapUtils - Instantiating CacheAwareContextLoaderDelegate from class [org.springframework.test.context.cache.DefaultCacheAwareContextLoaderDelegate]
02:30:04.118 [Test worker] DEBUG org.springframework.test.context.BootstrapUtils - Instantiating BootstrapContext using constructor [public org.springframework.test.context.support.DefaultBootstrapContext(java.lang.Class,org.springframework.test.context.CacheAwareContextLoaderDelegate)]
02:30:04.307 [Test worker] DEBUG org.springframework.test.context.BootstrapUtils - Instantiating TestContextBootstrapper for test class [com.wirbarley.assignment.web.endpoint.controller.ExchangeRateControllerTest] from class [org.springframework.boot.test.autoconfigure.web.servlet.WebMvcTestContextBootstrapper]
02:30:04.454 [Test worker] INFO org.springframework.boot.test.autoconfigure.web.servlet.WebMvcTestContextBootstrapper - Neither @ContextConfiguration nor @ContextHierarchy found for test class [com.wirbarley.assignment.web.endpoint.controller.ExchangeRateControllerTest], using SpringBootContextLoader
02:30:04.470 [Test worker] DEBUG org.springframework.test.context.support.AbstractContextLoader - Did not detect default resource location for test class [com.wirbarley.assignment.web.endpoint.controller.ExchangeRateControllerTest]: class path resource [com/wirbarley/assignment/web/endpoint/controller/ExchangeRateControllerTest-context.xml] does not exist
02:30:04.472 [Test worker] DEBUG org.springframework.test.context.support.AbstractContextLoader - Did not detect default resource location for test class [com.wirbarley.assignment.web.endpoint.controller.ExchangeRateControllerTest]: class path resource [com/wirbarley/assignment/web/endpoint/controller/ExchangeRateControllerTestContext.groovy] does not exist
02:30:04.473 [Test worker] INFO org.springframework.test.context.support.AbstractContextLoader - Could not detect default resource locations for test class [com.wirbarley.assignment.web.endpoint.controller.ExchangeRateControllerTest]: no resource found for suffixes {-context.xml, Context.groovy}.
02:30:04.477 [Test worker] INFO org.springframework.test.context.support.AnnotationConfigContextLoaderUtils - Could not detect default configuration classes for test class [com.wirbarley.assignment.web.endpoint.controller.ExchangeRateControllerTest]: ExchangeRateControllerTest does not declare any static, non-private, non-final, nested classes annotated with @Configuration.
02:30:04.967 [Test worker] DEBUG org.springframework.test.context.support.ActiveProfilesUtils - Could not find an 'annotation declaring class' for annotation type [org.springframework.test.context.ActiveProfiles] and class [com.wirbarley.assignment.web.endpoint.controller.ExchangeRateControllerTest]
02:30:05.399 [Test worker] DEBUG org.springframework.context.annotation.ClassPathScanningCandidateComponentProvider - Identified candidate component class: file [/Users/sewoo/company-assignment/wirbarley-assignment/exchange-rate-web/build/classes/java/main/com/wirbarley/assignment/web/ExchangeRateWebApplication.class]
02:30:05.416 [Test worker] INFO org.springframework.boot.test.context.SpringBootTestContextBootstrapper - Found @SpringBootConfiguration com.wirbarley.assignment.web.ExchangeRateWebApplication for test class com.wirbarley.assignment.web.endpoint.controller.ExchangeRateControllerTest
02:30:05.426 [Test worker] DEBUG org.springframework.boot.test.autoconfigure.web.servlet.WebMvcTestContextBootstrapper - @TestExecutionListeners is not present for class [com.wirbarley.assignment.web.endpoint.controller.ExchangeRateControllerTest]: using defaults.
02:30:05.430 [Test worker] INFO org.springframework.boot.test.autoconfigure.web.servlet.WebMvcTestContextBootstrapper - Loaded default TestExecutionListener class names from location [META-INF/spring.factories]: [org.springframework.boot.test.autoconfigure.restdocs.RestDocsTestExecutionListener, org.springframework.boot.test.autoconfigure.web.client.MockRestServiceServerResetTestExecutionListener, org.springframework.boot.test.autoconfigure.web.servlet.MockMvcPrintOnlyOnFailureTestExecutionListener, org.springframework.boot.test.autoconfigure.web.servlet.WebDriverTestExecutionListener, org.springframework.boot.test.mock.mockito.MockitoTestExecutionListener, org.springframework.boot.test.mock.mockito.ResetMocksTestExecutionListener, org.springframework.test.context.web.ServletTestExecutionListener, org.springframework.test.context.support.DirtiesContextBeforeModesTestExecutionListener, org.springframework.test.context.support.DependencyInjectionTestExecutionListener, org.springframework.test.context.support.DirtiesContextTestExecutionListener, org.springframework.test.context.transaction.TransactionalTestExecutionListener, org.springframework.test.context.jdbc.SqlScriptsTestExecutionListener]
02:30:05.663 [Test worker] DEBUG org.springframework.boot.test.autoconfigure.web.servlet.WebMvcTestContextBootstrapper - Skipping candidate TestExecutionListener [org.springframework.test.context.transaction.TransactionalTestExecutionListener] due to a missing dependency. Specify custom listener classes or make the default listener classes and their required dependencies available. Offending class: [org/springframework/transaction/interceptor/TransactionAttributeSource]
02:30:05.668 [Test worker] DEBUG org.springframework.boot.test.autoconfigure.web.servlet.WebMvcTestContextBootstrapper - Skipping candidate TestExecutionListener [org.springframework.test.context.jdbc.SqlScriptsTestExecutionListener] due to a missing dependency. Specify custom listener classes or make the default listener classes and their required dependencies available. Offending class: [org/springframework/transaction/interceptor/TransactionAttribute]
02:30:05.672 [Test worker] INFO org.springframework.boot.test.autoconfigure.web.servlet.WebMvcTestContextBootstrapper - Using TestExecutionListeners: [org.springframework.test.context.web.ServletTestExecutionListener@3def33cb, org.springframework.test.context.support.DirtiesContextBeforeModesTestExecutionListener@58f55fda, org.springframework.boot.test.mock.mockito.MockitoTestExecutionListener@b0a185a, org.springframework.boot.test.autoconfigure.SpringBootDependencyInjectionTestExecutionListener@3d989d2f, org.springframework.test.context.support.DirtiesContextTestExecutionListener@792d803c, org.springframework.boot.test.autoconfigure.restdocs.RestDocsTestExecutionListener@bd41b4c, org.springframework.boot.test.autoconfigure.web.client.MockRestServiceServerResetTestExecutionListener@50c71aa4, org.springframework.boot.test.autoconfigure.web.servlet.MockMvcPrintOnlyOnFailureTestExecutionListener@294f9476, org.springframework.boot.test.autoconfigure.web.servlet.WebDriverTestExecutionListener@3cf6dd03, org.springframework.boot.test.mock.mockito.ResetMocksTestExecutionListener@1753bfaa]
02:30:05.797 [Test worker] DEBUG org.springframework.test.annotation.ProfileValueUtils - Retrieved @ProfileValueSourceConfiguration [null] for test class [com.wirbarley.assignment.web.endpoint.controller.ExchangeRateControllerTest]
02:30:05.801 [Test worker] DEBUG org.springframework.test.annotation.ProfileValueUtils - Retrieved ProfileValueSource type [class org.springframework.test.annotation.SystemProfileValueSource] for class [com.wirbarley.assignment.web.endpoint.controller.ExchangeRateControllerTest]
02:30:05.849 [Test worker] DEBUG org.springframework.test.annotation.ProfileValueUtils - Retrieved @ProfileValueSourceConfiguration [null] for test class [com.wirbarley.assignment.web.endpoint.controller.ExchangeRateControllerTest]
02:30:05.852 [Test worker] DEBUG org.springframework.test.annotation.ProfileValueUtils - Retrieved ProfileValueSource type [class org.springframework.test.annotation.SystemProfileValueSource] for class [com.wirbarley.assignment.web.endpoint.controller.ExchangeRateControllerTest]
02:30:05.942 [Test worker] DEBUG org.springframework.test.context.support.AbstractDirtiesContextTestExecutionListener - Before test class: context [DefaultTestContext@76c3ada3 testClass = ExchangeRateControllerTest, testInstance = [null], testMethod = [null], testException = [null], mergedContextConfiguration = [WebMergedContextConfiguration@4dce48a3 testClass = ExchangeRateControllerTest, locations = '{}', classes = '{class com.wirbarley.assignment.web.ExchangeRateWebApplication}', contextInitializerClasses = '[]', activeProfiles = '{}', propertySourceLocations = '{}', propertySourceProperties = '{org.springframework.boot.test.autoconfigure.web.servlet.WebMvcTestContextBootstrapper=true}', contextCustomizers = set[org.springframework.boot.test.autoconfigure.OverrideAutoConfigurationContextCustomizerFactory$DisableAutoConfigurationContextCustomizer@23f0a3b, org.springframework.boot.test.autoconfigure.filter.TypeExcludeFiltersContextCustomizer@8990a4a5, org.springframework.boot.test.autoconfigure.properties.PropertyMappingContextCustomizer@9951d476, org.springframework.boot.test.autoconfigure.web.servlet.WebDriverContextCustomizerFactory$Customizer@568c23e5, [ImportsContextCustomizer@14fb5ea8 key = [org.springframework.boot.autoconfigure.cache.CacheAutoConfiguration, org.springframework.boot.autoconfigure.context.MessageSourceAutoConfiguration, org.springframework.boot.autoconfigure.data.web.SpringDataWebAutoConfiguration, org.springframework.boot.autoconfigure.freemarker.FreeMarkerAutoConfiguration, org.springframework.boot.autoconfigure.groovy.template.GroovyTemplateAutoConfiguration, org.springframework.boot.autoconfigure.gson.GsonAutoConfiguration, org.springframework.boot.autoconfigure.hateoas.HypermediaAutoConfiguration, org.springframework.boot.autoconfigure.http.HttpMessageConvertersAutoConfiguration, org.springframework.boot.autoconfigure.jackson.JacksonAutoConfiguration, org.springframework.boot.autoconfigure.jsonb.JsonbAutoConfiguration, org.springframework.boot.autoconfigure.mustache.MustacheAutoConfiguration, org.springframework.boot.autoconfigure.task.TaskExecutionAutoConfiguration, org.springframework.boot.autoconfigure.thymeleaf.ThymeleafAutoConfiguration, org.springframework.boot.autoconfigure.validation.ValidationAutoConfiguration, org.springframework.boot.autoconfigure.web.servlet.error.ErrorMvcAutoConfiguration, org.springframework.boot.autoconfigure.web.servlet.WebMvcAutoConfiguration, org.springframework.boot.test.autoconfigure.web.servlet.MockMvcAutoConfiguration, org.springframework.boot.test.autoconfigure.web.servlet.MockMvcSecurityAutoConfiguration, org.springframework.boot.test.autoconfigure.web.servlet.MockMvcWebClientAutoConfiguration, org.springframework.boot.test.autoconfigure.web.servlet.MockMvcWebDriverAutoConfiguration]], org.springframework.boot.test.context.filter.ExcludeFilterContextCustomizer@5c36d55a, org.springframework.boot.test.json.DuplicateJsonObjectContextCustomizerFactory$DuplicateJsonObjectContextCustomizer@d123be3, org.springframework.boot.test.mock.mockito.MockitoContextCustomizer@c5c32284], resourceBasePath = '', contextLoader = 'org.springframework.boot.test.context.SpringBootContextLoader', parent = [null]], attributes = map[[empty]]], class annotated with @DirtiesContext [false] with mode [null].
02:30:05.960 [Test worker] DEBUG org.springframework.test.annotation.ProfileValueUtils - Retrieved @ProfileValueSourceConfiguration [null] for test class [com.wirbarley.assignment.web.endpoint.controller.ExchangeRateControllerTest]
02:30:05.962 [Test worker] DEBUG org.springframework.test.annotation.ProfileValueUtils - Retrieved ProfileValueSource type [class org.springframework.test.annotation.SystemProfileValueSource] for class [com.wirbarley.assignment.web.endpoint.controller.ExchangeRateControllerTest]
02:30:06.632 [Test worker] DEBUG org.springframework.test.context.support.TestPropertySourceUtils - Adding inlined properties to environment: {spring.jmx.enabled=false, org.springframework.boot.test.autoconfigure.web.servlet.WebMvcTestContextBootstrapper=true, server.port=-1}

  .   ____          _            __ _ _
 /\\ / ___'_ __ _ _(_)_ __  __ _ \ \ \ \
( ( )\___ | '_ | '_| | '_ \/ _` | \ \ \ \
 \\/  ___)| |_)| | | | | || (_| |  ) ) ) )
  '  |____| .__|_| |_|_| |_\__, | / / / /
 =========|_|==============|___/=/_/_/_/
 :: Spring Boot ::        (v2.1.5.RELEASE)

2019-06-14 02:30:22.699  INFO 11581 --- [    Test worker] c.w.a.w.e.c.ExchangeRateControllerTest   : Starting ExchangeRateControllerTest on swui-MacBook-Pro.local with PID 11581 (started by sewoo in /Users/sewoo/company-assignment/wirbarley-assignment/exchange-rate-web)
2019-06-14 02:30:22.707  INFO 11581 --- [    Test worker] c.w.a.w.e.c.ExchangeRateControllerTest   : No active profile set, falling back to default profiles: default
2019-06-14 02:30:26.153  WARN 11581 --- [    Test worker] org.thymeleaf.templatemode.TemplateMode  : [THYMELEAF][Test worker] Template Mode 'HTML5' is deprecated. Using Template Mode 'HTML' instead.
2019-06-14 02:30:26.243  INFO 11581 --- [    Test worker] o.s.b.t.m.w.SpringBootMockServletContext : Initializing Spring TestDispatcherServlet ''
2019-06-14 02:30:26.243  INFO 11581 --- [    Test worker] o.s.t.web.servlet.TestDispatcherServlet  : Initializing Servlet ''
2019-06-14 02:30:26.259  INFO 11581 --- [    Test worker] o.s.t.web.servlet.TestDispatcherServlet  : Completed initialization in 15 ms
2019-06-14 02:30:26.306  INFO 11581 --- [    Test worker] c.w.a.w.e.c.ExchangeRateControllerTest   : Started ExchangeRateControllerTest in 19.643 seconds (JVM running for 23.08)
2019-06-14 02:30:26.348  INFO 11581 --- [    Test worker] o.s.mock.web.MockServletContext          : Initializing Spring TestDispatcherServlet ''
2019-06-14 02:30:26.348  INFO 11581 --- [    Test worker] o.s.t.web.servlet.TestDispatcherServlet  : Initializing Servlet ''
2019-06-14 02:30:26.349  INFO 11581 --- [    Test worker] o.s.t.web.servlet.TestDispatcherServlet  : Completed initialization in 1 ms

MockHttpServletRequest:
      HTTP Method = POST
      Request URI = /v1/exchange-rate/currency/calculation
       Parameters = {currency=[KRW], price=[100]}
          Headers = [Content-Type:"application/json;charset=UTF-8"]
             Body = null
    Session Attrs = {}

Handler:
             Type = com.wirbarley.assignment.web.endpoint.controller.ExchangeRateController$MockitoMock$818356544
           Method = public org.springframework.http.ResponseEntity<?> com.wirbarley.assignment.web.endpoint.controller.ExchangeRateController$MockitoMock$818356544.reqRemittanceAmount(com.wirbarley.assignment.support.domain.exchange.CalculationRequestDto)

Async:
    Async started = false
     Async result = null

Resolved Exception:
             Type = null

ModelAndView:
        View name = null
             View = null
            Model = null

FlashMap:
       Attributes = null

MockHttpServletResponse:
           Status = 200
    Error message = null
          Headers = []
     Content type = null
             Body = 
    Forwarded URL = null
   Redirected URL = null
          Cookies = []
]]></system-out>
  <system-err><![CDATA[]]></system-err>
</testsuite>
